{"C:\\Users\\lgabr\\OneDrive\\Área de Trabalho\\flights_web_scrap\\src\\app.ts": {"path":"C:\\Users\\lgabr\\OneDrive\\Área de Trabalho\\flights_web_scrap\\src\\app.ts","statementMap":{"0":{"start":{"line":1,"column":0},"end":{"line":1,"column":30}},"1":{"start":{"line":2,"column":0},"end":{"line":2,"column":61}},"2":{"start":{"line":3,"column":0},"end":{"line":3,"column":43}},"3":{"start":{"line":4,"column":0},"end":{"line":4,"column":24}},"4":{"start":{"line":5,"column":0},"end":{"line":5,"column":26}},"5":{"start":{"line":7,"column":12},"end":{"line":7,"column":21}},"6":{"start":{"line":9,"column":20},"end":{"line":13,"column":null}},"7":{"start":{"line":15,"column":24},"end":{"line":15,"column":46}},"8":{"start":{"line":17,"column":0},"end":{"line":17,"column":24}},"9":{"start":{"line":19,"column":0},"end":{"line":19,"column":72}},"10":{"start":{"line":20,"column":0},"end":{"line":20,"column":37}},"11":{"start":{"line":22,"column":0},"end":{"line":22,"column":19}}},"fnMap":{},"branchMap":{},"s":{"0":1,"1":1,"2":1,"3":1,"4":1,"5":1,"6":1,"7":1,"8":1,"9":1,"10":1,"11":1},"f":{},"b":{}}
,"C:\\Users\\lgabr\\OneDrive\\Área de Trabalho\\flights_web_scrap\\src\\index.ts": {"path":"C:\\Users\\lgabr\\OneDrive\\Área de Trabalho\\flights_web_scrap\\src\\index.ts","statementMap":{"0":{"start":{"line":1,"column":0},"end":{"line":1,"column":39}},"1":{"start":{"line":2,"column":0},"end":{"line":2,"column":14}}},"fnMap":{},"branchMap":{},"s":{"0":1,"1":1},"f":{},"b":{}}
,"C:\\Users\\lgabr\\OneDrive\\Área de Trabalho\\flights_web_scrap\\src\\server.ts": {"path":"C:\\Users\\lgabr\\OneDrive\\Área de Trabalho\\flights_web_scrap\\src\\server.ts","statementMap":{"0":{"start":{"line":3,"column":0},"end":{"line":3,"column":16}},"1":{"start":{"line":1,"column":0},"end":{"line":1,"column":24}},"2":{"start":{"line":4,"column":15},"end":{"line":4,"column":39}},"3":{"start":{"line":6,"column":2},"end":{"line":8,"column":5}},"4":{"start":{"line":7,"column":4},"end":{"line":7,"column":65}}},"fnMap":{"0":{"name":"startServer","decl":{"start":{"line":3,"column":16},"end":{"line":3,"column":27}},"loc":{"start":{"line":3,"column":27},"end":{"line":9,"column":1}}},"1":{"name":"(anonymous_2)","decl":{"start":{"line":6,"column":19},"end":{"line":6,"column":22}},"loc":{"start":{"line":6,"column":24},"end":{"line":8,"column":3}}}},"branchMap":{"0":{"loc":{"start":{"line":4,"column":15},"end":{"line":4,"column":39}},"type":"binary-expr","locations":[{"start":{"line":4,"column":15},"end":{"line":4,"column":31}},{"start":{"line":4,"column":35},"end":{"line":4,"column":39}}]}},"s":{"0":1,"1":1,"2":2,"3":2,"4":2},"f":{"0":2,"1":2},"b":{"0":[2,1]}}
,"C:\\Users\\lgabr\\OneDrive\\Área de Trabalho\\flights_web_scrap\\src\\app\\usecases\\scrape\\ScrapeUseCase.ts": {"path":"C:\\Users\\lgabr\\OneDrive\\Área de Trabalho\\flights_web_scrap\\src\\app\\usecases\\scrape\\ScrapeUseCase.ts","statementMap":{"0":{"start":{"line":2,"column":0},"end":{"line":2,"column":83}},"1":{"start":{"line":6,"column":22},"end":{"line":6,"column":39}},"2":{"start":{"line":9,"column":28},"end":{"line":9,"column":69}},"3":{"start":{"line":10,"column":4},"end":{"line":10,"column":53}},"4":{"start":{"line":5,"column":0},"end":{"line":5,"column":13}}},"fnMap":{"0":{"name":"(anonymous_0)","decl":{"start":{"line":6,"column":2},"end":{"line":6,"column":22}},"loc":{"start":{"line":6,"column":39},"end":{"line":6,"column":43}}},"1":{"name":"(anonymous_1)","decl":{"start":{"line":8,"column":2},"end":{"line":8,"column":7}},"loc":{"start":{"line":8,"column":30},"end":{"line":11,"column":3}}}},"branchMap":{},"s":{"0":3,"1":4,"2":2,"3":1,"4":3},"f":{"0":4,"1":2},"b":{}}
,"C:\\Users\\lgabr\\OneDrive\\Área de Trabalho\\flights_web_scrap\\src\\config\\container.ts": {"path":"C:\\Users\\lgabr\\OneDrive\\Área de Trabalho\\flights_web_scrap\\src\\config\\container.ts","statementMap":{"0":{"start":{"line":1,"column":0},"end":{"line":1,"column":82}},"1":{"start":{"line":2,"column":0},"end":{"line":2,"column":69}},"2":{"start":{"line":3,"column":0},"end":{"line":3,"column":78}},"3":{"start":{"line":5,"column":16},"end":{"line":5,"column":44}},"4":{"start":{"line":6,"column":22},"end":{"line":6,"column":48}},"5":{"start":{"line":7,"column":25},"end":{"line":7,"column":60}},"6":{"start":{"line":9,"column":13},"end":{"line":11,"column":2}}},"fnMap":{},"branchMap":{},"s":{"0":1,"1":1,"2":1,"3":1,"4":1,"5":1,"6":1},"f":{},"b":{}}
,"C:\\Users\\lgabr\\OneDrive\\Área de Trabalho\\flights_web_scrap\\src\\domain\\dtos\\FlightSearchParamsDTO.ts": {"path":"C:\\Users\\lgabr\\OneDrive\\Área de Trabalho\\flights_web_scrap\\src\\domain\\dtos\\FlightSearchParamsDTO.ts","statementMap":{"0":{"start":{"line":5,"column":4},"end":{"line":18,"column":5}},"1":{"start":{"line":6,"column":6},"end":{"line":6,"column":68}},"2":{"start":{"line":8,"column":29},"end":{"line":8,"column":70}},"3":{"start":{"line":9,"column":6},"end":{"line":11,"column":7}},"4":{"start":{"line":10,"column":8},"end":{"line":10,"column":78}},"5":{"start":{"line":10,"column":26},"end":{"line":10,"column":78}},"6":{"start":{"line":12,"column":6},"end":{"line":14,"column":7}},"7":{"start":{"line":13,"column":8},"end":{"line":13,"column":72}},"8":{"start":{"line":15,"column":6},"end":{"line":17,"column":7}},"9":{"start":{"line":16,"column":8},"end":{"line":16,"column":69}},"10":{"start":{"line":20,"column":4},"end":{"line":33,"column":6}},"11":{"start":{"line":3,"column":0},"end":{"line":3,"column":13}}},"fnMap":{"0":{"name":"(anonymous_0)","decl":{"start":{"line":4,"column":2},"end":{"line":4,"column":8}},"loc":{"start":{"line":4,"column":27},"end":{"line":34,"column":3}}}},"branchMap":{"0":{"loc":{"start":{"line":5,"column":4},"end":{"line":18,"column":5}},"type":"if","locations":[{"start":{"line":5,"column":4},"end":{"line":18,"column":5}},{"start":{"line":7,"column":11},"end":{"line":18,"column":5}}]},"1":{"loc":{"start":{"line":10,"column":8},"end":{"line":10,"column":78}},"type":"if","locations":[{"start":{"line":10,"column":8},"end":{"line":10,"column":78}}]},"2":{"loc":{"start":{"line":12,"column":6},"end":{"line":14,"column":7}},"type":"if","locations":[{"start":{"line":12,"column":6},"end":{"line":14,"column":7}}]},"3":{"loc":{"start":{"line":15,"column":6},"end":{"line":17,"column":7}},"type":"if","locations":[{"start":{"line":15,"column":6},"end":{"line":17,"column":7}}]},"4":{"loc":{"start":{"line":15,"column":10},"end":{"line":15,"column":73}},"type":"binary-expr","locations":[{"start":{"line":15,"column":10},"end":{"line":15,"column":25}},{"start":{"line":15,"column":29},"end":{"line":15,"column":73}}]},"5":{"loc":{"start":{"line":21,"column":11},"end":{"line":21,"column":48}},"type":"binary-expr","locations":[{"start":{"line":21,"column":11},"end":{"line":21,"column":19}},{"start":{"line":21,"column":23},"end":{"line":21,"column":48}}]},"6":{"loc":{"start":{"line":32,"column":16},"end":{"line":32,"column":35}},"type":"binary-expr","locations":[{"start":{"line":32,"column":16},"end":{"line":32,"column":29}},{"start":{"line":32,"column":33},"end":{"line":32,"column":35}}]}},"s":{"0":5,"1":1,"2":4,"3":4,"4":16,"5":1,"6":3,"7":1,"8":2,"9":0,"10":2,"11":4},"f":{"0":5},"b":{"0":[1,4],"1":[1],"2":[1],"3":[0],"4":[2,0],"5":[2,0],"6":[2,0]}}
,"C:\\Users\\lgabr\\OneDrive\\Área de Trabalho\\flights_web_scrap\\src\\domain\\helpers\\FlightTextParser.ts": {"path":"C:\\Users\\lgabr\\OneDrive\\Área de Trabalho\\flights_web_scrap\\src\\domain\\helpers\\FlightTextParser.ts","statementMap":{"0":{"start":{"line":6,"column":18},"end":{"line":6,"column":34}},"1":{"start":{"line":7,"column":4},"end":{"line":20,"column":5}},"2":{"start":{"line":8,"column":6},"end":{"line":19,"column":8}},"3":{"start":{"line":22,"column":21},"end":{"line":22,"column":95}},"4":{"start":{"line":22,"column":40},"end":{"line":22,"column":95}},"5":{"start":{"line":22,"column":63},"end":{"line":22,"column":94}},"6":{"start":{"line":24,"column":26},"end":{"line":24,"column":40}},"7":{"start":{"line":25,"column":17},"end":{"line":25,"column":31}},"8":{"start":{"line":26,"column":15},"end":{"line":26,"column":29}},"9":{"start":{"line":27,"column":24},"end":{"line":27,"column":38}},"10":{"start":{"line":29,"column":26},"end":{"line":29,"column":58}},"11":{"start":{"line":30,"column":21},"end":{"line":30,"column":53}},"12":{"start":{"line":32,"column":26},"end":{"line":32,"column":80}},"13":{"start":{"line":33,"column":21},"end":{"line":33,"column":53}},"14":{"start":{"line":36,"column":26},"end":{"line":44,"column":5}},"15":{"start":{"line":37,"column":27},"end":{"line":37,"column":90}},"16":{"start":{"line":38,"column":28},"end":{"line":38,"column":92}},"17":{"start":{"line":40,"column":6},"end":{"line":43,"column":8}},"18":{"start":{"line":46,"column":19},"end":{"line":46,"column":38}},"19":{"start":{"line":48,"column":4},"end":{"line":56,"column":6}},"20":{"start":{"line":4,"column":0},"end":{"line":4,"column":13}}},"fnMap":{"0":{"name":"(anonymous_0)","decl":{"start":{"line":5,"column":2},"end":{"line":5,"column":8}},"loc":{"start":{"line":5,"column":27},"end":{"line":57,"column":3}}},"1":{"name":"(anonymous_1)","decl":{"start":{"line":22,"column":21},"end":{"line":22,"column":22}},"loc":{"start":{"line":22,"column":40},"end":{"line":22,"column":95}}},"2":{"name":"(anonymous_2)","decl":{"start":{"line":22,"column":56},"end":{"line":22,"column":57}},"loc":{"start":{"line":22,"column":63},"end":{"line":22,"column":94}}},"3":{"name":"(anonymous_3)","decl":{"start":{"line":36,"column":26},"end":{"line":36,"column":27}},"loc":{"start":{"line":36,"column":83},"end":{"line":44,"column":5}}}},"branchMap":{"0":{"loc":{"start":{"line":7,"column":4},"end":{"line":20,"column":5}},"type":"if","locations":[{"start":{"line":7,"column":4},"end":{"line":20,"column":5}}]},"1":{"loc":{"start":{"line":24,"column":26},"end":{"line":24,"column":40}},"type":"binary-expr","locations":[{"start":{"line":24,"column":26},"end":{"line":24,"column":34}},{"start":{"line":24,"column":38},"end":{"line":24,"column":40}}]},"2":{"loc":{"start":{"line":25,"column":17},"end":{"line":25,"column":31}},"type":"binary-expr","locations":[{"start":{"line":25,"column":17},"end":{"line":25,"column":25}},{"start":{"line":25,"column":29},"end":{"line":25,"column":31}}]},"3":{"loc":{"start":{"line":26,"column":15},"end":{"line":26,"column":29}},"type":"binary-expr","locations":[{"start":{"line":26,"column":15},"end":{"line":26,"column":23}},{"start":{"line":26,"column":27},"end":{"line":26,"column":29}}]},"4":{"loc":{"start":{"line":27,"column":24},"end":{"line":27,"column":38}},"type":"binary-expr","locations":[{"start":{"line":27,"column":24},"end":{"line":27,"column":32}},{"start":{"line":27,"column":36},"end":{"line":27,"column":38}}]},"5":{"loc":{"start":{"line":30,"column":21},"end":{"line":30,"column":53}},"type":"binary-expr","locations":[{"start":{"line":30,"column":21},"end":{"line":30,"column":47}},{"start":{"line":30,"column":51},"end":{"line":30,"column":53}}]},"6":{"loc":{"start":{"line":33,"column":21},"end":{"line":33,"column":53}},"type":"binary-expr","locations":[{"start":{"line":33,"column":21},"end":{"line":33,"column":47}},{"start":{"line":33,"column":51},"end":{"line":33,"column":53}}]},"7":{"loc":{"start":{"line":41,"column":17},"end":{"line":41,"column":123}},"type":"cond-expr","locations":[{"start":{"line":41,"column":51},"end":{"line":41,"column":118}},{"start":{"line":41,"column":121},"end":{"line":41,"column":123}}]},"8":{"loc":{"start":{"line":41,"column":17},"end":{"line":41,"column":48}},"type":"binary-expr","locations":[{"start":{"line":41,"column":17},"end":{"line":41,"column":29}},{"start":{"line":41,"column":33},"end":{"line":41,"column":48}}]},"9":{"loc":{"start":{"line":41,"column":72},"end":{"line":41,"column":116}},"type":"cond-expr","locations":[{"start":{"line":41,"column":90},"end":{"line":41,"column":111}},{"start":{"line":41,"column":114},"end":{"line":41,"column":116}}]},"10":{"loc":{"start":{"line":42,"column":18},"end":{"line":42,"column":129}},"type":"cond-expr","locations":[{"start":{"line":42,"column":54},"end":{"line":42,"column":124}},{"start":{"line":42,"column":127},"end":{"line":42,"column":129}}]},"11":{"loc":{"start":{"line":42,"column":18},"end":{"line":42,"column":51}},"type":"binary-expr","locations":[{"start":{"line":42,"column":18},"end":{"line":42,"column":31}},{"start":{"line":42,"column":35},"end":{"line":42,"column":51}}]},"12":{"loc":{"start":{"line":42,"column":76},"end":{"line":42,"column":122}},"type":"cond-expr","locations":[{"start":{"line":42,"column":95},"end":{"line":42,"column":117}},{"start":{"line":42,"column":120},"end":{"line":42,"column":122}}]}},"s":{"0":13,"1":13,"2":1,"3":12,"4":0,"5":0,"6":12,"7":12,"8":12,"9":12,"10":12,"11":12,"12":12,"13":12,"14":12,"15":12,"16":12,"17":12,"18":12,"19":12,"20":4},"f":{"0":13,"1":0,"2":0,"3":12},"b":{"0":[1],"1":[12,0],"2":[12,0],"3":[12,0],"4":[12,0],"5":[12,1],"6":[12,1],"7":[11,1],"8":[12,11],"9":[9,2],"10":[6,6],"11":[12,6],"12":[4,2]}}
,"C:\\Users\\lgabr\\OneDrive\\Área de Trabalho\\flights_web_scrap\\src\\interfaces\\controllers\\ScrapeController.ts": {"path":"C:\\Users\\lgabr\\OneDrive\\Área de Trabalho\\flights_web_scrap\\src\\interfaces\\controllers\\ScrapeController.ts","statementMap":{"0":{"start":{"line":5,"column":21},"end":{"line":5,"column":49}},"1":{"start":{"line":8,"column":17},"end":{"line":8,"column":25}},"2":{"start":{"line":9,"column":4},"end":{"line":11,"column":5}},"3":{"start":{"line":10,"column":6},"end":{"line":10,"column":71}},"4":{"start":{"line":13,"column":4},"end":{"line":21,"column":5}},"5":{"start":{"line":14,"column":21},"end":{"line":14,"column":63}},"6":{"start":{"line":15,"column":6},"end":{"line":15,"column":23}},"7":{"start":{"line":17,"column":6},"end":{"line":20,"column":9}},"8":{"start":{"line":4,"column":0},"end":{"line":4,"column":13}}},"fnMap":{"0":{"name":"(anonymous_0)","decl":{"start":{"line":5,"column":2},"end":{"line":5,"column":21}},"loc":{"start":{"line":5,"column":49},"end":{"line":5,"column":53}}},"1":{"name":"(anonymous_1)","decl":{"start":{"line":7,"column":2},"end":{"line":7,"column":7}},"loc":{"start":{"line":7,"column":42},"end":{"line":22,"column":3}}}},"branchMap":{"0":{"loc":{"start":{"line":9,"column":4},"end":{"line":11,"column":5}},"type":"if","locations":[{"start":{"line":9,"column":4},"end":{"line":11,"column":5}}]},"1":{"loc":{"start":{"line":9,"column":8},"end":{"line":9,"column":45}},"type":"binary-expr","locations":[{"start":{"line":9,"column":8},"end":{"line":9,"column":13}},{"start":{"line":9,"column":17},"end":{"line":9,"column":45}}]},"2":{"loc":{"start":{"line":19,"column":17},"end":{"line":19,"column":69}},"type":"cond-expr","locations":[{"start":{"line":19,"column":40},"end":{"line":19,"column":51}},{"start":{"line":19,"column":54},"end":{"line":19,"column":69}}]}},"s":{"0":6,"1":5,"2":5,"3":2,"4":3,"5":3,"6":1,"7":2,"8":3},"f":{"0":6,"1":5},"b":{"0":[2],"1":[5,4],"2":[1,1]}}
,"C:\\Users\\lgabr\\OneDrive\\Área de Trabalho\\flights_web_scrap\\src\\interfaces\\routes\\scrape.routes.ts": {"path":"C:\\Users\\lgabr\\OneDrive\\Área de Trabalho\\flights_web_scrap\\src\\interfaces\\routes\\scrape.routes.ts","statementMap":{"0":{"start":{"line":1,"column":0},"end":{"line":1,"column":33}},"1":{"start":{"line":2,"column":0},"end":{"line":2,"column":67}},"2":{"start":{"line":3,"column":0},"end":{"line":3,"column":72}},"3":{"start":{"line":4,"column":0},"end":{"line":4,"column":85}},"4":{"start":{"line":6,"column":15},"end":{"line":6,"column":23}},"5":{"start":{"line":8,"column":16},"end":{"line":8,"column":44}},"6":{"start":{"line":9,"column":16},"end":{"line":9,"column":42}},"7":{"start":{"line":10,"column":19},"end":{"line":10,"column":48}},"8":{"start":{"line":12,"column":0},"end":{"line":14,"column":3}},"9":{"start":{"line":13,"column":1},"end":{"line":13,"column":35}},"10":{"start":{"line":16,"column":0},"end":{"line":16,"column":22}}},"fnMap":{"0":{"name":"(anonymous_0)","decl":{"start":{"line":12,"column":17},"end":{"line":12,"column":22}},"loc":{"start":{"line":12,"column":36},"end":{"line":14,"column":1}}}},"branchMap":{},"s":{"0":1,"1":1,"2":1,"3":1,"4":1,"5":1,"6":1,"7":1,"8":1,"9":1,"10":1},"f":{"0":1},"b":{}}
}
