TN:
SF:src\app.ts
FNF:0
FNH:0
DA:1,1
DA:2,1
DA:3,1
DA:4,1
DA:5,1
DA:7,1
DA:9,1
DA:15,1
DA:17,1
DA:19,1
DA:20,1
DA:22,1
LF:12
LH:12
BRF:0
BRH:0
end_of_record
TN:
SF:src\index.ts
FNF:0
FNH:0
DA:1,1
DA:2,1
LF:2
LH:2
BRF:0
BRH:0
end_of_record
TN:
SF:src\server.ts
FN:3,startServer
FN:6,(anonymous_2)
FNF:2
FNH:2
FNDA:2,startServer
FNDA:2,(anonymous_2)
DA:1,1
DA:3,1
DA:4,2
DA:6,2
DA:7,2
LF:5
LH:5
BRDA:4,0,0,2
BRDA:4,0,1,1
BRF:2
BRH:2
end_of_record
TN:
SF:src\app\usecases\scrape\ScrapeUseCase.ts
FN:6,(anonymous_0)
FN:8,(anonymous_1)
FNF:2
FNH:2
FNDA:4,(anonymous_0)
FNDA:2,(anonymous_1)
DA:2,3
DA:5,3
DA:6,4
DA:9,2
DA:10,1
LF:5
LH:5
BRF:0
BRH:0
end_of_record
TN:
SF:src\config\container.ts
FNF:0
FNH:0
DA:1,1
DA:2,1
DA:3,1
DA:5,1
DA:6,1
DA:7,1
DA:9,1
LF:7
LH:7
BRF:0
BRH:0
end_of_record
TN:
SF:src\domain\dtos\FlightSearchParamsDTO.ts
FN:4,(anonymous_0)
FNF:1
FNH:1
FNDA:5,(anonymous_0)
DA:3,4
DA:5,5
DA:6,1
DA:8,4
DA:9,4
DA:10,16
DA:12,3
DA:13,1
DA:15,2
DA:16,0
DA:20,2
LF:11
LH:10
BRDA:5,0,0,1
BRDA:5,0,1,4
BRDA:10,1,0,1
BRDA:12,2,0,1
BRDA:15,3,0,0
BRDA:15,4,0,2
BRDA:15,4,1,0
BRDA:21,5,0,2
BRDA:21,5,1,0
BRDA:32,6,0,2
BRDA:32,6,1,0
BRF:11
BRH:7
end_of_record
TN:
SF:src\domain\helpers\FlightTextParser.ts
FN:5,(anonymous_0)
FN:22,(anonymous_1)
FN:22,(anonymous_2)
FN:36,(anonymous_3)
FNF:4
FNH:2
FNDA:13,(anonymous_0)
FNDA:0,(anonymous_1)
FNDA:0,(anonymous_2)
FNDA:12,(anonymous_3)
DA:4,4
DA:6,13
DA:7,13
DA:8,1
DA:22,12
DA:24,12
DA:25,12
DA:26,12
DA:27,12
DA:29,12
DA:30,12
DA:32,12
DA:33,12
DA:36,12
DA:37,12
DA:38,12
DA:40,12
DA:46,12
DA:48,12
LF:19
LH:19
BRDA:7,0,0,1
BRDA:24,1,0,12
BRDA:24,1,1,0
BRDA:25,2,0,12
BRDA:25,2,1,0
BRDA:26,3,0,12
BRDA:26,3,1,0
BRDA:27,4,0,12
BRDA:27,4,1,0
BRDA:30,5,0,12
BRDA:30,5,1,1
BRDA:33,6,0,12
BRDA:33,6,1,1
BRDA:41,7,0,11
BRDA:41,7,1,1
BRDA:41,8,0,12
BRDA:41,8,1,11
BRDA:41,9,0,9
BRDA:41,9,1,2
BRDA:42,10,0,6
BRDA:42,10,1,6
BRDA:42,11,0,12
BRDA:42,11,1,6
BRDA:42,12,0,4
BRDA:42,12,1,2
BRF:25
BRH:21
end_of_record
TN:
SF:src\interfaces\controllers\ScrapeController.ts
FN:5,(anonymous_0)
FN:7,(anonymous_1)
FNF:2
FNH:2
FNDA:6,(anonymous_0)
FNDA:5,(anonymous_1)
DA:4,3
DA:5,6
DA:8,5
DA:9,5
DA:10,2
DA:13,3
DA:14,3
DA:15,1
DA:17,2
LF:9
LH:9
BRDA:9,0,0,2
BRDA:9,1,0,5
BRDA:9,1,1,4
BRDA:19,2,0,1
BRDA:19,2,1,1
BRF:5
BRH:5
end_of_record
TN:
SF:src\interfaces\routes\scrape.routes.ts
FN:12,(anonymous_0)
FNF:1
FNH:1
FNDA:1,(anonymous_0)
DA:1,1
DA:2,1
DA:3,1
DA:4,1
DA:6,1
DA:8,1
DA:9,1
DA:10,1
DA:12,1
DA:13,1
DA:16,1
LF:11
LH:11
BRF:0
BRH:0
end_of_record
